{"level":"info","message":"Mensaje informativo","timestamp":"2026-01-24T23:16:34.481Z"}
{"level":"info","message":"Mensaje informativo","timestamp":"2026-01-25T00:13:20.797Z"}
{"level":"info","message":"Mensaje informativo","timestamp":"2026-01-25T01:44:32.186Z"}
{"level":"info","message":"Mensaje informativo","timestamp":"2026-01-25T01:46:11.915Z"}
{"level":"info","message":"Mensaje informativo","timestamp":"2026-01-25T18:44:40.622Z"}
{"level":"info","message":"Mensaje informativo","timestamp":"2026-01-25T18:45:19.975Z"}
{"level":"info","message":"Mensaje informativo","timestamp":"2026-01-25T19:12:11.686Z"}
{"level":"info","message":"Mensaje informativo","timestamp":"2026-01-25T19:26:57.466Z"}
{"level":"info","message":"Mensaje informativo","timestamp":"2026-01-25T19:27:05.020Z"}
{"level":"info","message":"Mensaje informativo","timestamp":"2026-01-25T19:29:24.580Z"}
{"level":"info","message":"Mensaje informativo","timestamp":"2026-01-25T19:31:42.179Z"}
{"level":"info","message":"Mensaje informativo","timestamp":"2026-01-25T19:33:15.200Z"}
{"level":"info","message":"Mensaje informativo","timestamp":"2026-01-25T19:47:15.356Z"}
{"level":"info","message":"Mensaje informativo","timestamp":"2026-01-25T20:52:31.301Z"}
{"level":"info","message":"Mensaje informativo","timestamp":"2026-01-25T21:27:25.299Z"}
{"level":"info","message":"Mensaje informativo","timestamp":"2026-01-25T21:35:53.726Z"}
{"level":"info","message":"Error al obtener perfil: usuario no encontrado","timestamp":"2026-01-25T21:36:00.542Z"}
{"level":"info","message":"Mensaje informativo","timestamp":"2026-01-25T21:49:59.303Z"}
{"level":"info","message":"Error al obtener perfil: usuario no encontrado","timestamp":"2026-01-25T21:50:13.358Z"}
{"error":"username is not defined","level":"error","message":"Error de registro","timestamp":"2026-01-25T21:52:09.115Z"}
{"level":"info","message":"Mensaje informativo","timestamp":"2026-01-25T21:54:23.135Z"}
{"error":"username is not defined","level":"error","message":"Error de registro","timestamp":"2026-01-25T21:55:29.492Z"}
{"level":"info","message":"Error al obtener perfil: usuario no encontrado","timestamp":"2026-01-25T21:57:32.031Z"}
{"level":"info","message":"Mensaje informativo","timestamp":"2026-01-25T22:01:20.576Z"}
{"level":"info","message":"Mensaje informativo","timestamp":"2026-01-25T22:03:43.945Z"}
{"level":"info","message":"Intento de login fallido: Iniciar sesión sin datos introducidos","timestamp":"2026-01-25T22:08:35.249Z"}
{"level":"info","message":"Intento de login fallido: Iniciar sesión sin datos introducidos","timestamp":"2026-01-25T22:08:39.177Z"}
{"level":"info","message":"Intento de login fallido: Iniciar sesión sin datos introducidos","timestamp":"2026-01-25T22:08:41.820Z"}
{"level":"info","message":"Intento de login fallido: Iniciar sesión sin datos introducidos","timestamp":"2026-01-25T22:08:47.581Z"}
{"level":"info","message":"Mensaje informativo","timestamp":"2026-01-25T22:15:01.394Z"}
{"level":"info","message":"Mensaje informativo","timestamp":"2026-01-25T22:45:23.140Z"}
{"level":"info","message":"Mensaje informativo","timestamp":"2026-01-25T22:45:36.338Z"}
{"level":"info","message":"Mensaje informativo","timestamp":"2026-01-25T22:56:14.678Z"}
{"level":"info","message":"Mensaje informativo","timestamp":"2026-01-25T22:59:10.005Z"}
{"level":"info","message":"Mensaje informativo","timestamp":"2026-01-25T23:05:30.505Z"}
{"level":"info","message":"Mensaje informativo","timestamp":"2026-01-25T23:07:16.528Z"}
{"level":"info","message":"Mensaje informativo","timestamp":"2026-01-25T23:09:49.662Z"}
{"level":"info","message":"Mensaje informativo","timestamp":"2026-01-25T23:12:57.466Z"}
{"level":"info","message":"Mensaje informativo","timestamp":"2026-01-25T23:18:18.174Z"}
{"err":"Data truncated for column 'estacion' at row 1","level":"error","message":"Error al crear una receta: ","timestamp":"2026-01-26T00:20:51.342Z"}
{"err":"Data truncated for column 'estacion' at row 1","level":"error","message":"Error al crear una receta: ","timestamp":"2026-01-26T00:20:55.296Z"}
{"error":"username is not defined","level":"error","message":"Error de registro","timestamp":"2026-01-26T00:23:08.384Z"}
{"level":"info","message":"Fallo de registro: usuario ya existe en la base de datos","timestamp":"2026-01-26T00:23:16.837Z"}
{"level":"info","message":"Fallo de registro: usuario ya existe en la base de datos","timestamp":"2026-01-26T00:23:22.193Z"}
{"level":"info","message":"Fallo de registro: usuario ya existe en la base de datos","timestamp":"2026-01-26T00:24:10.541Z"}
{"level":"info","message":"Fallo de registro: usuario ya existe en la base de datos","timestamp":"2026-01-26T00:25:06.993Z"}
{"level":"info","message":"Fallo de registro: usuario ya existe en la base de datos","timestamp":"2026-01-26T00:28:40.049Z"}
{"level":"info","message":"Fallo de registro: usuario ya existe en la base de datos","timestamp":"2026-01-26T00:28:45.738Z"}
{"err":"Duplicate entry 'quetepaso09@gmail.com' for key 'email'","level":"error","message":"Error de registro","timestamp":"2026-01-26T00:29:03.404Z"}
{"err":"Duplicate entry 'quetepaso09@gmail.com' for key 'email'","level":"error","message":"Error de registro","timestamp":"2026-01-26T00:30:01.817Z"}
{"error":"username is not defined","level":"error","message":"Error de registro","timestamp":"2026-01-26T00:31:03.650Z"}
{"error":"username is not defined","level":"error","message":"Error de registro","timestamp":"2026-01-26T00:31:28.030Z"}
{"error":"username is not defined","level":"error","message":"Error de registro","timestamp":"2026-01-26T00:41:13.352Z"}
{"error":"username is not defined","level":"error","message":"Error de registro","timestamp":"2026-01-26T00:41:20.873Z"}
{"error":"username is not defined","level":"error","message":"Error de registro","timestamp":"2026-01-26T00:41:24.230Z"}
{"level":"info","message":"Mensaje informativo","timestamp":"2026-01-26T09:13:20.576Z"}
{"level":"info","message":"Mensaje informativo","timestamp":"2026-01-26T09:22:16.573Z"}
{"level":"info","message":"Mensaje informativo","timestamp":"2026-01-26T09:46:11.264Z"}
{"level":"info","message":"Mensaje informativo","timestamp":"2026-01-26T10:03:06.293Z"}
{"level":"info","message":"Mensaje informativo","timestamp":"2026-01-26T17:39:52.456Z"}
{"error":"username is not defined","level":"error","message":"Error de registro","timestamp":"2026-01-26T17:39:58.579Z"}
{"error":"username is not defined","level":"error","message":"Error de registro","timestamp":"2026-01-26T17:55:08.665Z"}
{"level":"info","message":"Mensaje informativo","timestamp":"2026-01-26T18:12:33.868Z"}
{"error":"username is not defined","level":"error","message":"Error de registro","timestamp":"2026-01-26T18:12:49.220Z"}
{"level":"info","message":"Mensaje informativo","timestamp":"2026-01-26T18:20:32.464Z"}
{"email":"UUUUU@gmail.com","level":"info","message":"Intento de login fallido: contraseña incorrecta","timestamp":"2026-01-26T18:20:45.996Z"}
{"level":"info","message":"Fallo de registro: usuario ya existe en la base de datos","timestamp":"2026-01-26T18:21:19.601Z"}
{"email":"nuuuu@gmail.com","level":"info","message":"Intento de login fallido: contraseña incorrecta","timestamp":"2026-01-26T18:21:41.079Z"}
{"level":"info","message":"Mensaje informativo","timestamp":"2026-01-26T18:26:15.933Z"}
{"level":"info","message":"Mensaje informativo","timestamp":"2026-01-29T10:49:48.084Z"}
{"email":"soyyelprimo@gmail.com","level":"info","message":"Intento de login fallido: contraseña incorrecta","timestamp":"2026-01-29T10:50:14.784Z"}
{"level":"error","message":"Error al obtener receta por ser privada","timestamp":"2026-01-29T10:52:07.610Z"}
{"err":"t is not defined","level":"error","message":"Error al obtener recetas publicas por id","timestamp":"2026-01-29T10:52:07.616Z"}
{"level":"info","message":"Mensaje informativo","timestamp":"2026-01-29T10:53:41.193Z"}
{"level":"error","message":"Error al obtener receta por ser privada","timestamp":"2026-01-29T10:53:42.696Z"}
{"level":"info","message":"Mensaje informativo","timestamp":"2026-01-29T10:55:28.548Z"}
{"level":"info","message":"Mensaje informativo","timestamp":"2026-02-01T09:59:18.384Z"}
{"email":"admin123@gmail.com","level":"info","message":"Intento de login fallido: contraseña incorrecta","timestamp":"2026-02-01T13:35:46.515Z"}
{"email":"admin123@gmail.com","level":"info","message":"Intento de login fallido: contraseña incorrecta","timestamp":"2026-02-01T13:35:52.046Z"}
{"email":"admin123@gmail.com","level":"info","message":"Intento de login fallido: contraseña incorrecta","timestamp":"2026-02-01T13:36:03.438Z"}
{"level":"info","message":"Mensaje informativo","timestamp":"2026-02-02T14:13:41.958Z"}
{"level":"info","message":"Intento de login fallido: Iniciar sesión sin datos introducidos","timestamp":"2026-02-02T14:16:58.272Z"}
{"level":"info","message":"Intento de login fallido: Iniciar sesión sin datos introducidos","timestamp":"2026-02-02T14:17:20.424Z"}
{"level":"info","message":"Intento de login fallido: Iniciar sesión sin datos introducidos","timestamp":"2026-02-02T14:22:27.598Z"}
{"level":"error","message":"Error al obtener receta por ser privada","timestamp":"2026-02-02T15:26:30.946Z"}
{"level":"error","message":"Error al obtener receta por ser privada","timestamp":"2026-02-02T15:26:36.805Z"}
{"level":"info","message":"Mensaje informativo","timestamp":"2026-02-02T15:37:38.552Z"}
{"id":"4","level":"info","message":"Perfil actualizado exitosamente","timestamp":"2026-02-02T15:41:45.729Z"}
{"err":"Unknown column 'Id_uduario' in 'INSERT INTO'","level":"error","message":"Error al actualizar perfil","timestamp":"2026-02-02T15:46:19.567Z"}
{"err":"Unknown column 'Id_uduario' in 'INSERT INTO'","level":"error","message":"Error al actualizar perfil","timestamp":"2026-02-02T15:46:26.524Z"}
