{"error":"username is not defined","level":"error","message":"Error de registro","timestamp":"2026-01-25T21:52:09.115Z"}
{"error":"username is not defined","level":"error","message":"Error de registro","timestamp":"2026-01-25T21:55:29.492Z"}
{"err":"Data truncated for column 'estacion' at row 1","level":"error","message":"Error al crear una receta: ","timestamp":"2026-01-26T00:20:51.342Z"}
{"err":"Data truncated for column 'estacion' at row 1","level":"error","message":"Error al crear una receta: ","timestamp":"2026-01-26T00:20:55.296Z"}
{"error":"username is not defined","level":"error","message":"Error de registro","timestamp":"2026-01-26T00:23:08.384Z"}
{"err":"Duplicate entry 'quetepaso09@gmail.com' for key 'email'","level":"error","message":"Error de registro","timestamp":"2026-01-26T00:29:03.404Z"}
{"err":"Duplicate entry 'quetepaso09@gmail.com' for key 'email'","level":"error","message":"Error de registro","timestamp":"2026-01-26T00:30:01.817Z"}
{"error":"username is not defined","level":"error","message":"Error de registro","timestamp":"2026-01-26T00:31:03.650Z"}
{"error":"username is not defined","level":"error","message":"Error de registro","timestamp":"2026-01-26T00:31:28.030Z"}
{"error":"username is not defined","level":"error","message":"Error de registro","timestamp":"2026-01-26T00:41:13.352Z"}
{"error":"username is not defined","level":"error","message":"Error de registro","timestamp":"2026-01-26T00:41:20.873Z"}
{"error":"username is not defined","level":"error","message":"Error de registro","timestamp":"2026-01-26T00:41:24.230Z"}
{"error":"username is not defined","level":"error","message":"Error de registro","timestamp":"2026-01-26T17:39:58.579Z"}
{"error":"username is not defined","level":"error","message":"Error de registro","timestamp":"2026-01-26T17:55:08.665Z"}
{"error":"username is not defined","level":"error","message":"Error de registro","timestamp":"2026-01-26T18:12:49.220Z"}
{"level":"error","message":"Error al obtener receta por ser privada","timestamp":"2026-01-29T10:52:07.610Z"}
{"err":"t is not defined","level":"error","message":"Error al obtener recetas publicas por id","timestamp":"2026-01-29T10:52:07.616Z"}
{"level":"error","message":"Error al obtener receta por ser privada","timestamp":"2026-01-29T10:53:42.696Z"}
{"level":"error","message":"Error al obtener receta por ser privada","timestamp":"2026-02-02T15:26:30.946Z"}
{"level":"error","message":"Error al obtener receta por ser privada","timestamp":"2026-02-02T15:26:36.805Z"}
{"err":"Unknown column 'Id_uduario' in 'INSERT INTO'","level":"error","message":"Error al actualizar perfil","timestamp":"2026-02-02T15:46:19.567Z"}
{"err":"Unknown column 'Id_uduario' in 'INSERT INTO'","level":"error","message":"Error al actualizar perfil","timestamp":"2026-02-02T15:46:26.524Z"}
{"code":"ER_BAD_FIELD_ERROR","errno":1054,"level":"error","message":"Error en forgotPassword: Unknown column 'reset_code' in 'SET'","sql":"UPDATE usuario SET reset_code = '665028', reset_expires = '2026-02-16 15:56:53.717' WHERE email = 'Juanjos0306@gmail.com'","sqlMessage":"Unknown column 'reset_code' in 'SET'","sqlState":"42S22","stack":"Error: Unknown column 'reset_code' in 'SET'\n    at PromisePool.query (C:\\Users\\rubaroman\\Desktop\\Remmy-s_recipes\\Backend\\node_modules\\mysql2\\lib\\promise\\pool.js:36:22)\n    at exports.forgotPassword (C:\\Users\\rubaroman\\Desktop\\Remmy-s_recipes\\Backend\\controllers\\usuarioController.js:337:35)\n    at process.processTicksAndRejections (node:internal/process/task_queues:103:5)","timestamp":"2026-02-16T14:46:53.747Z"}
{"code":"ER_BAD_FIELD_ERROR","errno":1054,"level":"error","message":"Error en forgotPassword: Unknown column 'email' in 'INSERT INTO'","sql":"INSERT INTO usuario_recuperacion (Id_usuario, email, reset_code, reset_expires) VALUES (6, 'Juanjos0306@gmail.com', '251327', '2026-02-16 16:07:57.033') ON DUPLICATE KEY UPDATE reset_code = VALUES(reset_code), reset_expires = VALUES(reset_expires)","sqlMessage":"Unknown column 'email' in 'INSERT INTO'","sqlState":"42S22","stack":"Error: Unknown column 'email' in 'INSERT INTO'\n    at PromisePool.query (C:\\Users\\rubaroman\\Desktop\\Remmy-s_recipes\\Backend\\node_modules\\mysql2\\lib\\promise\\pool.js:36:22)\n    at exports.forgotPassword (C:\\Users\\rubaroman\\Desktop\\Remmy-s_recipes\\Backend\\controllers\\usuarioController.js:301:35)\n    at process.processTicksAndRejections (node:internal/process/task_queues:103:5)","timestamp":"2026-02-16T14:57:57.069Z"}
{"code":"MODULE_NOT_FOUND","level":"error","message":"Error en forgotPassword: Cannot find module 'nodemailer'\nRequire stack:\n- C:\\Users\\rubaroman\\Desktop\\Remmy-s_recipes\\Backend\\controllers\\usuarioController.js\n- C:\\Users\\rubaroman\\Desktop\\Remmy-s_recipes\\Backend\\routes\\usuarioRoutes.js\n- C:\\Users\\rubaroman\\Desktop\\Remmy-s_recipes\\Backend\\server.js","requireStack":["C:\\Users\\rubaroman\\Desktop\\Remmy-s_recipes\\Backend\\controllers\\usuarioController.js","C:\\Users\\rubaroman\\Desktop\\Remmy-s_recipes\\Backend\\routes\\usuarioRoutes.js","C:\\Users\\rubaroman\\Desktop\\Remmy-s_recipes\\Backend\\server.js"],"stack":"Error: Cannot find module 'nodemailer'\nRequire stack:\n- C:\\Users\\rubaroman\\Desktop\\Remmy-s_recipes\\Backend\\controllers\\usuarioController.js\n- C:\\Users\\rubaroman\\Desktop\\Remmy-s_recipes\\Backend\\routes\\usuarioRoutes.js\n- C:\\Users\\rubaroman\\Desktop\\Remmy-s_recipes\\Backend\\server.js\n    at Module._resolveFilename (node:internal/modules/cjs/loader:1421:15)\n    at defaultResolveImpl (node:internal/modules/cjs/loader:1059:19)\n    at resolveForCJSWithHooks (node:internal/modules/cjs/loader:1064:22)\n    at Module._load (node:internal/modules/cjs/loader:1227:37)\n    at TracingChannel.traceSync (node:diagnostics_channel:328:14)\n    at wrapModuleLoad (node:internal/modules/cjs/loader:245:24)\n    at Module.require (node:internal/modules/cjs/loader:1504:12)\n    at require (node:internal/modules/helpers:152:16)\n    at exports.forgotPassword (C:\\Users\\rubaroman\\Desktop\\Remmy-s_recipes\\Backend\\controllers\\usuarioController.js:308:24)\n    at process.processTicksAndRejections (node:internal/process/task_queues:103:5)","timestamp":"2026-02-16T15:06:46.111Z"}
{"level":"error","message":"Error en forgotPassword: nodemailer.createTransporter is not a function","stack":"TypeError: nodemailer.createTransporter is not a function\n    at exports.forgotPassword (C:\\Users\\rubaroman\\Desktop\\Remmy-s_recipes\\Backend\\controllers\\usuarioController.js:309:36)\n    at process.processTicksAndRejections (node:internal/process/task_queues:103:5)","timestamp":"2026-02-16T15:14:37.088Z"}
{"address":"2a00:1450:400c:c0d::6d","code":"ESOCKET","command":"CONN","errno":-4062,"level":"error","message":"Error en forgotPassword: connect ENETUNREACH 2a00:1450:400c:c0d::6d:465","port":465,"stack":"Error: connect ENETUNREACH 2a00:1450:400c:c0d::6d:465\n    at TCPConnectWrap.afterConnect [as oncomplete] (node:net:1637:16)","syscall":"connect","timestamp":"2026-02-16T15:16:59.629Z"}
{"address":"64.233.184.109","code":"ESOCKET","command":"CONN","errno":-4039,"level":"error","message":"Error en forgotPassword: connect ETIMEDOUT 64.233.184.109:465","port":465,"stack":"Error: connect ETIMEDOUT 64.233.184.109:465\n    at TCPConnectWrap.afterConnect [as oncomplete] (node:net:1637:16)","syscall":"connect","timestamp":"2026-02-16T15:20:39.807Z"}
{"address":"2a00:1450:400c:c0b::6c","code":"ESOCKET","command":"CONN","errno":-4062,"level":"error","message":"Error en forgotPassword: connect ENETUNREACH 2a00:1450:400c:c0b::6c:587","port":587,"stack":"Error: connect ENETUNREACH 2a00:1450:400c:c0b::6c:587\n    at TCPConnectWrap.afterConnect [as oncomplete] (node:net:1637:16)","syscall":"connect","timestamp":"2026-02-16T15:22:42.365Z"}
{"address":"64.233.184.108","code":"ESOCKET","command":"CONN","errno":-4039,"level":"error","message":"Error en forgotPassword: connect ETIMEDOUT 64.233.184.108:587","port":587,"stack":"Error: connect ETIMEDOUT 64.233.184.108:587\n    at TCPConnectWrap.afterConnect [as oncomplete] (node:net:1637:16)","syscall":"connect","timestamp":"2026-02-16T15:25:32.345Z"}
{"err":"Data truncated for column 'estacion' at row 1","level":"error","message":"Error al crear una receta: ","timestamp":"2026-02-17T18:37:48.501Z"}
{"level":"error","message":"Error al editar receta: no es creador de ella","timestamp":"2026-02-22T14:11:06.414Z"}
{"level":"error","message":"Error al eliminar receta: no es creador de ella","timestamp":"2026-02-22T14:11:18.403Z"}
